{"level":"info","message":"Server running on port 3000","timestamp":"2026-01-08 19:40:53"}
{"amount":35010,"level":"info","message":"Order placed","orderId":"695fc36b05443cd10801eb51","paymentMethod":"COD","timestamp":"2026-01-08 20:17:08","userId":"695a793a50d1e9595ff514c7"}
{"level":"info","message":"Order email sent","orderId":"695fc36b05443cd10801eb51","timestamp":"2026-01-08 20:17:15","userEmail":"kishan.jungi.tech@gmail.com"}
{"level":"info","message":"Server running on port 3000","timestamp":"2026-01-15 19:09:28"}
{"level":"error","message":"Unhandled error Sentry test error","requestId":"31c9208a-cf9f-4a91-9347-0fce352f4bcf","stack":"Error: Sentry test error\n    at file:///C:/Users/kisha/Desktop/netwala/backend/server.js:81:9\n    at Layer.handleRequest (C:\\Users\\kisha\\Desktop\\netwala\\backend\\node_modules\\router\\lib\\layer.js:152:17)\n    at next (C:\\Users\\kisha\\Desktop\\netwala\\backend\\node_modules\\router\\lib\\route.js:157:13)\n    at Route.dispatch (C:\\Users\\kisha\\Desktop\\netwala\\backend\\node_modules\\router\\lib\\route.js:117:3)\n    at handle (C:\\Users\\kisha\\Desktop\\netwala\\backend\\node_modules\\router\\index.js:435:11)\n    at Layer.handleRequest (C:\\Users\\kisha\\Desktop\\netwala\\backend\\node_modules\\router\\lib\\layer.js:152:17)\n    at C:\\Users\\kisha\\Desktop\\netwala\\backend\\node_modules\\router\\index.js:295:15\n    at processParams (C:\\Users\\kisha\\Desktop\\netwala\\backend\\node_modules\\router\\index.js:582:12)\n    at next (C:\\Users\\kisha\\Desktop\\netwala\\backend\\node_modules\\router\\index.js:291:5)\n    at strategy.pass (C:\\Users\\kisha\\Desktop\\netwala\\backend\\node_modules\\passport\\lib\\middleware\\authenticate.js:355:9)","timestamp":"2026-01-15 19:10:46"}
{"level":"error","message":"Unhandled error Sentry test error","requestId":"a7863d73-3cce-4ecd-8271-929384e3ca69","stack":"Error: Sentry test error\n    at file:///C:/Users/kisha/Desktop/netwala/backend/server.js:81:9\n    at Layer.handleRequest (C:\\Users\\kisha\\Desktop\\netwala\\backend\\node_modules\\router\\lib\\layer.js:152:17)\n    at next (C:\\Users\\kisha\\Desktop\\netwala\\backend\\node_modules\\router\\lib\\route.js:157:13)\n    at Route.dispatch (C:\\Users\\kisha\\Desktop\\netwala\\backend\\node_modules\\router\\lib\\route.js:117:3)\n    at handle (C:\\Users\\kisha\\Desktop\\netwala\\backend\\node_modules\\router\\index.js:435:11)\n    at Layer.handleRequest (C:\\Users\\kisha\\Desktop\\netwala\\backend\\node_modules\\router\\lib\\layer.js:152:17)\n    at C:\\Users\\kisha\\Desktop\\netwala\\backend\\node_modules\\router\\index.js:295:15\n    at processParams (C:\\Users\\kisha\\Desktop\\netwala\\backend\\node_modules\\router\\index.js:582:12)\n    at next (C:\\Users\\kisha\\Desktop\\netwala\\backend\\node_modules\\router\\index.js:291:5)\n    at strategy.pass (C:\\Users\\kisha\\Desktop\\netwala\\backend\\node_modules\\passport\\lib\\middleware\\authenticate.js:355:9)","timestamp":"2026-01-15 19:48:45"}
{"level":"info","message":"Server running on port 3000","timestamp":"2026-01-16 18:48:27"}
{"level":"error","message":"Unhandled error logger is not defined","requestId":"503cd06b-1dbc-4f7d-9d31-dc883aeb12b6","stack":"ReferenceError: logger is not defined\n    at updatedProductStock (file:///C:/Users/kisha/Desktop/netwala/backend/controller/productController.js:142:9)\n    at process.processTicksAndRejections (node:internal/process/task_queues:105:5)","timestamp":"2026-01-16 19:31:10"}
{"level":"error","message":"Unhandled error logger is not defined","requestId":"91e7e469-2175-4969-9ed9-032330329f56","stack":"ReferenceError: logger is not defined\n    at updatedProductStock (file:///C:/Users/kisha/Desktop/netwala/backend/controller/productController.js:142:9)\n    at process.processTicksAndRejections (node:internal/process/task_queues:105:5)","timestamp":"2026-01-16 19:31:12"}
{"level":"error","message":"Unhandled error logger is not defined","requestId":"3a0258a1-5391-4bb7-b3b2-890836ea1227","stack":"ReferenceError: logger is not defined\n    at updatedProductStock (file:///C:/Users/kisha/Desktop/netwala/backend/controller/productController.js:142:9)\n    at process.processTicksAndRejections (node:internal/process/task_queues:105:5)","timestamp":"2026-01-16 19:31:13"}
{"level":"error","message":"Unhandled error logger is not defined","requestId":"8c1cd725-98ca-4ba2-813b-8fb931d99c22","stack":"ReferenceError: logger is not defined\n    at updatedProductStock (file:///C:/Users/kisha/Desktop/netwala/backend/controller/productController.js:142:9)\n    at process.processTicksAndRejections (node:internal/process/task_queues:105:5)","timestamp":"2026-01-16 19:31:41"}
{"level":"error","message":"Unhandled error logger is not defined","requestId":"82cfee2d-6f15-4876-8537-b6d2212209bc","stack":"ReferenceError: logger is not defined\n    at updatedProductStock (file:///C:/Users/kisha/Desktop/netwala/backend/controller/productController.js:142:9)\n    at process.processTicksAndRejections (node:internal/process/task_queues:105:5)","timestamp":"2026-01-16 19:32:36"}
{"email":"kishanjungi5@gmail.com","level":"info","message":"New Google user registered","timestamp":"2026-01-16 19:37:36","userId":"69521f3cb5d93c41014a4581"}
{"error":"productModel is not defined","level":"error","message":"Order placement failed","stack":"ReferenceError: productModel is not defined\n    at placeOrder (file:///C:/Users/kisha/Desktop/netwala/backend/controller/ordercontroller.js:84:23)\n    at process.processTicksAndRejections (node:internal/process/task_queues:105:5)","timestamp":"2026-01-16 19:37:57"}
{"error":"productModel is not defined","level":"error","message":"Order placement failed","stack":"ReferenceError: productModel is not defined\n    at placeOrder (file:///C:/Users/kisha/Desktop/netwala/backend/controller/ordercontroller.js:84:23)\n    at process.processTicksAndRejections (node:internal/process/task_queues:105:5)","timestamp":"2026-01-16 19:38:21"}
{"level":"info","message":"Server running on port 3000","timestamp":"2026-01-16 19:47:44"}
{"level":"info","message":"Server running on port 3000","timestamp":"2026-01-18 18:11:02"}
{"level":"error","message":"Unhandled error logger is not defined","requestId":"5ceb2423-812a-46ed-bfb8-7ee2f93cfd5c","stack":"ReferenceError: logger is not defined\n    at updatedProductStock (file:///C:/Users/kisha/Desktop/netwala/backend/controller/productController.js:142:9)\n    at process.processTicksAndRejections (node:internal/process/task_queues:105:5)","timestamp":"2026-01-18 18:11:35"}
{"level":"error","message":"Unhandled error logger is not defined","requestId":"dc9749e1-7b80-4250-ae7f-f1357ea92bbb","stack":"ReferenceError: logger is not defined\n    at updatedProductStock (file:///C:/Users/kisha/Desktop/netwala/backend/controller/productController.js:142:9)\n    at process.processTicksAndRejections (node:internal/process/task_queues:105:5)","timestamp":"2026-01-18 18:12:25"}
{"level":"error","message":"Unhandled error logger is not defined","requestId":"ddb13107-a2cf-43e7-9ad1-3090ea9aeb3c","stack":"ReferenceError: logger is not defined\n    at updatedProductStock (file:///C:/Users/kisha/Desktop/netwala/backend/controller/productController.js:142:9)\n    at process.processTicksAndRejections (node:internal/process/task_queues:105:5)","timestamp":"2026-01-18 18:12:40"}
{"level":"error","message":"Unhandled error logger is not defined","requestId":"0824db17-e41e-4d65-812d-b2ffd134a196","stack":"ReferenceError: logger is not defined\n    at updatedProductStock (file:///C:/Users/kisha/Desktop/netwala/backend/controller/productController.js:142:9)\n    at process.processTicksAndRejections (node:internal/process/task_queues:105:5)","timestamp":"2026-01-18 18:12:44"}
{"level":"error","message":"Unhandled error logger is not defined","requestId":"4dcf26e0-e1d3-418a-a3ed-13d096a362d9","stack":"ReferenceError: logger is not defined\n    at updatedProductStock (file:///C:/Users/kisha/Desktop/netwala/backend/controller/productController.js:142:9)\n    at process.processTicksAndRejections (node:internal/process/task_queues:105:5)","timestamp":"2026-01-18 18:13:17"}
{"level":"error","message":"Unhandled error logger is not defined","requestId":"3f41f2dd-9f90-44bc-9eb8-1fc9631fe7c4","stack":"ReferenceError: logger is not defined\n    at updatedProductStock (file:///C:/Users/kisha/Desktop/netwala/backend/controller/productController.js:142:9)\n    at process.processTicksAndRejections (node:internal/process/task_queues:105:5)","timestamp":"2026-01-18 18:18:09"}
{"level":"error","message":"Unhandled error logger is not defined","requestId":"cbe17185-0191-4309-ad82-839079d1f59c","stack":"ReferenceError: logger is not defined\n    at updatedProductStock (file:///C:/Users/kisha/Desktop/netwala/backend/controller/productController.js:142:9)\n    at process.processTicksAndRejections (node:internal/process/task_queues:105:5)","timestamp":"2026-01-18 18:18:11"}
{"level":"error","message":"Unhandled error logger is not defined","requestId":"1646f491-8c44-4c58-abee-060ba35387af","stack":"ReferenceError: logger is not defined\n    at updatedProductStock (file:///C:/Users/kisha/Desktop/netwala/backend/controller/productController.js:142:9)\n    at process.processTicksAndRejections (node:internal/process/task_queues:105:5)","timestamp":"2026-01-18 18:18:12"}
{"level":"error","message":"Unhandled error logger is not defined","requestId":"1701cf1f-995a-4403-8b43-00c680f37112","stack":"ReferenceError: logger is not defined\n    at updatedProductStock (file:///C:/Users/kisha/Desktop/netwala/backend/controller/productController.js:142:9)\n    at process.processTicksAndRejections (node:internal/process/task_queues:105:5)","timestamp":"2026-01-18 18:18:13"}
{"level":"info","message":"Server running on port 3000","timestamp":"2026-01-18 18:42:35"}
{"level":"info","message":"Server running on port 3000","timestamp":"2026-01-18 18:43:51"}
{"level":"info","message":"Server running on port 3000","timestamp":"2026-01-18 18:52:49"}
{"level":"info","message":"Server running on port 3000","timestamp":"2026-01-18 18:59:05"}
{"level":"info","message":"Server running on port 3000","timestamp":"2026-01-18 19:01:05"}
{"amount":5010,"level":"info","message":"Order placed","orderId":"696ce0a4e9c476a8e39d0ad3","paymentMethod":"COD","timestamp":"2026-01-18 19:01:16","userId":"69521f3cb5d93c41014a4581"}
{"error":"updatedProduct is not defined","level":"error","message":"Order placement failed","stack":"ReferenceError: updatedProduct is not defined\n    at placeOrder (file:///C:/Users/kisha/Desktop/netwala/backend/controller/ordercontroller.js:153:5)\n    at process.processTicksAndRejections (node:internal/process/task_queues:105:5)","timestamp":"2026-01-18 19:01:16"}
{"activeOrderId":"696ce0a4e9c476a8e39d0ad3","level":"warn","message":"Order rejected: active order exists","timestamp":"2026-01-18 19:01:23","userId":"69521f3cb5d93c41014a4581"}
{"level":"info","message":"Server running on port 3000","timestamp":"2026-01-18 23:21:26"}
{"level":"info","message":"Server running on port 3000","timestamp":"2026-01-18 23:22:44"}
{"activeOrderId":"696ce0a4e9c476a8e39d0ad3","level":"warn","message":"Order rejected: active order exists","timestamp":"2026-01-18 23:23:25","userId":"69521f3cb5d93c41014a4581"}
{"level":"info","message":"Order status updated","newStatus":"Delivered","orderId":"696ce0a4e9c476a8e39d0ad3","timestamp":"2026-01-18 23:23:58"}
{"level":"info","message":"Order status updated","newStatus":"Delivered","orderId":"695fc36b05443cd10801eb51","timestamp":"2026-01-18 23:24:00"}
{"level":"info","message":"Server running on port 3000","timestamp":"2026-01-18 23:26:30"}
{"error":"Cannot read properties of null (reading 'stock')","level":"error","message":"Order placement failed","stack":"TypeError: Cannot read properties of null (reading 'stock')\n    at placeOrder (file:///C:/Users/kisha/Desktop/netwala/backend/controller/ordercontroller.js:120:26)\n    at process.processTicksAndRejections (node:internal/process/task_queues:105:5)","timestamp":"2026-01-18 23:26:40"}
{"error":"Cannot read properties of null (reading 'stock')","level":"error","message":"Order placement failed","stack":"TypeError: Cannot read properties of null (reading 'stock')\n    at placeOrder (file:///C:/Users/kisha/Desktop/netwala/backend/controller/ordercontroller.js:120:26)\n    at process.processTicksAndRejections (node:internal/process/task_queues:105:5)","timestamp":"2026-01-18 23:27:09"}
{"level":"info","message":"Server running on port 3000","timestamp":"2026-01-18 23:31:06"}
{"error":"Cannot read properties of null (reading 'stock')","level":"error","message":"Order placement failed","stack":"TypeError: Cannot read properties of null (reading 'stock')\n    at placeOrder (file:///C:/Users/kisha/Desktop/netwala/backend/controller/ordercontroller.js:120:26)\n    at process.processTicksAndRejections (node:internal/process/task_queues:105:5)","timestamp":"2026-01-18 23:31:12"}
{"level":"info","message":"Server running on port 3000","timestamp":"2026-01-18 23:41:28"}
{"amount":35010,"level":"info","message":"Order placed","orderId":"696d225b6fcc6c42a77a2de0","paymentMethod":"COD","timestamp":"2026-01-18 23:41:39","userId":"69521f3cb5d93c41014a4581"}
{"level":"info","message":"Order email sent","orderId":"696d225b6fcc6c42a77a2de0","timestamp":"2026-01-18 23:41:46","userEmail":"kishanjungi5@gmail.com"}
{"level":"info","message":"Order status updated","newStatus":"Delivered","orderId":"696d225b6fcc6c42a77a2de0","timestamp":"2026-01-18 23:42:22"}
{"amount":5010,"level":"info","message":"Order placed","orderId":"696d22976fcc6c42a77a2df9","paymentMethod":"COD","timestamp":"2026-01-18 23:42:39","userId":"69521f3cb5d93c41014a4581"}
{"level":"info","message":"Order email sent","orderId":"696d22976fcc6c42a77a2df9","timestamp":"2026-01-18 23:42:47","userEmail":"kishanjungi5@gmail.com"}
{"level":"error","message":"Unhandled error logger is not defined","requestId":"5d8d72cd-e0c9-420b-a640-8093c5510320","stack":"ReferenceError: logger is not defined\n    at updatedProductStock (file:///C:/Users/kisha/Desktop/netwala/backend/controller/productController.js:142:9)\n    at process.processTicksAndRejections (node:internal/process/task_queues:105:5)","timestamp":"2026-01-18 23:43:16"}
{"level":"error","message":"Unhandled error logger is not defined","requestId":"51515741-7e68-47c7-87be-626be78336ce","stack":"ReferenceError: logger is not defined\n    at updatedProductStock (file:///C:/Users/kisha/Desktop/netwala/backend/controller/productController.js:142:9)\n    at process.processTicksAndRejections (node:internal/process/task_queues:105:5)","timestamp":"2026-01-18 23:46:51"}
{"level":"error","message":"Unhandled error logger is not defined","requestId":"47510799-10b9-465a-9de1-855fdab52c6c","stack":"ReferenceError: logger is not defined\n    at updatedProductStock (file:///C:/Users/kisha/Desktop/netwala/backend/controller/productController.js:142:9)\n    at process.processTicksAndRejections (node:internal/process/task_queues:105:5)","timestamp":"2026-01-18 23:46:56"}
{"level":"error","message":"Unhandled error logger is not defined","requestId":"acf7ffc6-adc4-48b8-a202-e62a81b3f68c","stack":"ReferenceError: logger is not defined\n    at updatedProductStock (file:///C:/Users/kisha/Desktop/netwala/backend/controller/productController.js:142:9)\n    at process.processTicksAndRejections (node:internal/process/task_queues:105:5)","timestamp":"2026-01-18 23:47:02"}
{"level":"info","message":"Server running on port 3000","timestamp":"2026-01-19 12:56:56"}
{"level":"info","message":"Server running on port 3000","timestamp":"2026-01-19 12:57:36"}
{"level":"error","message":"Unhandled error logger is not defined","requestId":"bce0ec7b-b864-4ef9-9bd0-980f32036055","stack":"ReferenceError: logger is not defined\n    at updatedProductStock (file:///C:/Users/kisha/Desktop/netwala/backend/controller/productController.js:142:9)\n    at process.processTicksAndRejections (node:internal/process/task_queues:105:5)","timestamp":"2026-01-19 12:58:48"}
{"level":"info","message":"Server running on port 3000","timestamp":"2026-01-19 12:59:34"}
{"level":"error","message":"Unhandled error logger is not defined","requestId":"edca1468-d439-4472-99e3-c841dde5ac2d","stack":"ReferenceError: logger is not defined\n    at updatedProductStock (file:///C:/Users/kisha/Desktop/netwala/backend/controller/productController.js:142:9)\n    at process.processTicksAndRejections (node:internal/process/task_queues:105:5)","timestamp":"2026-01-19 12:59:48"}
{"level":"error","message":"Unhandled error logger is not defined","requestId":"3a5d3c47-4f54-4b0d-a570-c1a4f64c291b","stack":"ReferenceError: logger is not defined\n    at updatedProductStock (file:///C:/Users/kisha/Desktop/netwala/backend/controller/productController.js:142:9)\n    at process.processTicksAndRejections (node:internal/process/task_queues:105:5)","timestamp":"2026-01-19 13:06:27"}
{"level":"error","message":"Unhandled error logger is not defined","requestId":"a25a7181-f93e-4902-a0c2-6f1f475ac3c2","stack":"ReferenceError: logger is not defined\n    at updatedProductStock (file:///C:/Users/kisha/Desktop/netwala/backend/controller/productController.js:142:9)\n    at process.processTicksAndRejections (node:internal/process/task_queues:105:5)","timestamp":"2026-01-19 13:06:33"}
{"level":"error","message":"Unhandled error logger is not defined","requestId":"0b15c813-8ab5-42dd-9ed8-295f40cd3ae3","stack":"ReferenceError: logger is not defined\n    at updatedProductStock (file:///C:/Users/kisha/Desktop/netwala/backend/controller/productController.js:142:9)\n    at process.processTicksAndRejections (node:internal/process/task_queues:105:5)","timestamp":"2026-01-19 13:06:34"}
{"level":"info","message":"Server running on port 3000","timestamp":"2026-01-19 13:08:52"}
{"level":"error","message":"Unhandled error logger is not defined","requestId":"8e6227aa-3369-4ba2-a6b3-f387cf723eca","stack":"ReferenceError: logger is not defined\n    at updatedProductStock (file:///C:/Users/kisha/Desktop/netwala/backend/controller/productController.js:142:9)\n    at process.processTicksAndRejections (node:internal/process/task_queues:105:5)","timestamp":"2026-01-19 13:09:01"}
